0 info it worked if it ends with ok
1 verbose cli [ 'D:\\Installed Softwares\\Nodejs\\node.exe',
1 verbose cli   'D:\\Installed Softwares\\Nodejs\\node_modules\\npm\\bin\\npm-cli.js',
1 verbose cli   'start' ]
2 info using npm@4.1.2
3 info using node@v7.7.4
4 verbose run-script [ 'prestart', 'start', 'poststart' ]
5 info lifecycle Fluid@0.0.1~prestart: Fluid@0.0.1
6 silly lifecycle Fluid@0.0.1~prestart: no script for prestart, continuing
7 info lifecycle Fluid@0.0.1~start: Fluid@0.0.1
8 verbose lifecycle Fluid@0.0.1~start: unsafe-perm in lifecycle true
9 verbose lifecycle Fluid@0.0.1~start: PATH: D:\Installed Softwares\Nodejs\node_modules\npm\bin\node-gyp-bin;F:\Personal Projects\React\MOBILE\Fluid\node_modules\.bin;C:\ProgramData\Oracle\Java\javapath;C:\Windows\system32;C:\Windows;C:\Windows\System32\Wbem;C:\Windows\System32\WindowsPowerShell\v1.0\;C:\Program Files (x86)\ATI Technologies\ATI.ACE\Core-Static;D:\Installed Softwares\AMD\ATI.ACE\Core-Static;D:\Installed Softwares\yarn\bin;D:\Installed Softwares\Nodejs\;D:\Installed Softwares\AMD\Drivers\ATI.ACE\Core-Static;D:\Installed Softwares\Git\cmd;D:\InstalledSoftwares\Android\Sdk\platform-tools;D:\InstalledSoftwares\Android\Sdk\tools;D:\Installed Softwares\Java\JDK\bin;C:\Users\prave\AppData\Local\Microsoft\WindowsApps;;D:\Installed Softwares\Microsoft VS Code\bin;C:\Users\prave\AppData\Local\Yarn\.bin;C:\Users\prave\AppData\Roaming\npm
10 verbose lifecycle Fluid@0.0.1~start: CWD: F:\Personal Projects\React\MOBILE\Fluid
11 silly lifecycle Fluid@0.0.1~start: Args: [ '/d /s /c',
11 silly lifecycle   'node node_modules/react-native/local-cli/cli.js start' ]
12 silly lifecycle Fluid@0.0.1~start: Returned: code: 11  signal: null
13 info lifecycle Fluid@0.0.1~start: Failed to exec start script
14 verbose stack Error: Fluid@0.0.1 start: `node node_modules/react-native/local-cli/cli.js start`
14 verbose stack Exit status 11
14 verbose stack     at EventEmitter.<anonymous> (D:\Installed Softwares\Nodejs\node_modules\npm\lib\utils\lifecycle.js:279:16)
14 verbose stack     at emitTwo (events.js:106:13)
14 verbose stack     at EventEmitter.emit (events.js:194:7)
14 verbose stack     at ChildProcess.<anonymous> (D:\Installed Softwares\Nodejs\node_modules\npm\lib\utils\spawn.js:40:14)
14 verbose stack     at emitTwo (events.js:106:13)
14 verbose stack     at ChildProcess.emit (events.js:194:7)
14 verbose stack     at maybeClose (internal/child_process.js:899:16)
14 verbose stack     at Process.ChildProcess._handle.onexit (internal/child_process.js:226:5)
15 verbose pkgid Fluid@0.0.1
16 verbose cwd F:\Personal Projects\React\MOBILE\Fluid
17 error Windows_NT 10.0.15058
18 error argv "D:\\Installed Softwares\\Nodejs\\node.exe" "D:\\Installed Softwares\\Nodejs\\node_modules\\npm\\bin\\npm-cli.js" "start"
19 error node v7.7.4
20 error npm  v4.1.2
21 error code ELIFECYCLE
22 error Fluid@0.0.1 start: `node node_modules/react-native/local-cli/cli.js start`
22 error Exit status 11
23 error Failed at the Fluid@0.0.1 start script 'node node_modules/react-native/local-cli/cli.js start'.
23 error Make sure you have the latest version of node.js and npm installed.
23 error If you do, this is most likely a problem with the Fluid package,
23 error not with npm itself.
23 error Tell the author that this fails on your system:
23 error     node node_modules/react-native/local-cli/cli.js start
23 error You can get information on how to open an issue for this project with:
23 error     npm bugs Fluid
23 error Or if that isn't available, you can get their info via:
23 error     npm owner ls Fluid
23 error There is likely additional logging output above.
24 verbose exit [ 1, true ]
